# JRE version: Java(TM) SE Runtime Environment (17.0.10+11) (build 17.0.10+11-LTS-240)
# Java VM: Java HotSpot(TM) 64-Bit Server VM (17.0.10+11-LTS-240, mixed mode, sharing, tiered, compressed oops, compressed class ptrs, g1 gc, windows-amd64)
GC Precious Log:
 CPUs: 8 total, 8 available
 Memory: 8043M
 Large Page Support: Disabled
 NUMA Support: Disabled
 Compressed Oops: Enabled (32-bit)
 Heap Region Size: 1M
 Heap Min Capacity: 256M
 Heap Initial Capacity: 256M
 Heap Max Capacity: 512M
 Pre-touch: Disabled
 Parallel Workers: 8
 Concurrent Workers: 2
 Concurrent Refinement Workers: 8
 Periodic GC: Disabled
Heap:
 garbage-first heap   total 262144K, used 146199K [0x00000000e0000000, 0x0000000100000000)
  region size 1024K, 27 young (27648K), 7 survivors (7168K)
 Metaspace       used 79606K, committed 80384K, reserved 458752K
  class space    used 10774K, committed 11136K, reserved 327680K
GC Heap History (20 events):
Event: 4.716 GC heap before
{Heap before GC invocations=5 (full 0):
 garbage-first heap   total 262144K, used 160230K [0x00000000e0000000, 0x0000000100000000)
  region size 1024K, 130 young (133120K), 11 survivors (11264K)
 Metaspace       used 35680K, committed 36096K, reserved 393216K
  class space    used 4975K, committed 5184K, reserved 327680K
}
Event: 4.730 GC heap after
{Heap after GC invocations=6 (full 0):
 garbage-first heap   total 262144K, used 46066K [0x00000000e0000000, 0x0000000100000000)
  region size 1024K, 12 young (12288K), 12 survivors (12288K)
 Metaspace       used 35680K, committed 36096K, reserved 393216K
  class space    used 4975K, committed 5184K, reserved 327680K
}
Event: 4.747 GC heap before
{Heap before GC invocations=6 (full 0):
 garbage-first heap   total 262144K, used 47090K [0x00000000e0000000, 0x0000000100000000)
  region size 1024K, 13 young (13312K), 12 survivors (12288K)
 Metaspace       used 35755K, committed 36224K, reserved 393216K
  class space    used 4984K, committed 5184K, reserved 327680K
}
Event: 4.756 GC heap after
{Heap after GC invocations=7 (full 0):
 garbage-first heap   total 262144K, used 46871K [0x00000000e0000000, 0x0000000100000000)
  region size 1024K, 2 young (2048K), 2 survivors (2048K)
 Metaspace       used 35755K, committed 36224K, reserved 393216K
  class space    used 4984K, committed 5184K, reserved 327680K
}
Event: 4.780 GC heap before
{Heap before GC invocations=7 (full 0):
 garbage-first heap   total 262144K, used 48919K [0x00000000e0000000, 0x0000000100000000)
  region size 1024K, 5 young (5120K), 2 survivors (2048K)
 Metaspace       used 36035K, committed 36416K, reserved 393216K
  class space    used 5018K, committed 5184K, reserved 327680K
}
Event: 4.782 GC heap after
{Heap after GC invocations=8 (full 0):
 garbage-first heap   total 262144K, used 45849K [0x00000000e0000000, 0x0000000100000000)
  region size 1024K, 1 young (1024K), 1 survivors (1024K)
 Metaspace       used 36035K, committed 36416K, reserved 393216K
  class space    used 5018K, committed 5184K, reserved 327680K
}
Event: 6.612 GC heap before
{Heap before GC invocations=9 (full 0):
 garbage-first heap   total 262144K, used 210713K [0x00000000e0000000, 0x0000000100000000)
  region size 1024K, 152 young (155648K), 1 survivors (1024K)
 Metaspace       used 49201K, committed 49792K, reserved 393216K
  class space    used 7038K, committed 7296K, reserved 327680K
}
Event: 6.621 GC heap after
{Heap after GC invocations=10 (full 0):
 garbage-first heap   total 262144K, used 65324K [0x00000000e0000000, 0x0000000100000000)
  region size 1024K, 11 young (11264K), 11 survivors (11264K)
 Metaspace       used 49201K, committed 49792K, reserved 393216K
  class space    used 7038K, committed 7296K, reserved 327680K
}
Event: 8.707 GC heap before
{Heap before GC invocations=10 (full 0):
 garbage-first heap   total 262144K, used 231212K [0x00000000e0000000, 0x0000000100000000)
  region size 1024K, 145 young (148480K), 11 survivors (11264K)
 Metaspace       used 60242K, committed 60864K, reserved 393216K
  class space    used 8617K, committed 8896K, reserved 327680K
}
Event: 8.726 GC heap after
{Heap after GC invocations=11 (full 0):
 garbage-first heap   total 262144K, used 108476K [0x00000000e0000000, 0x0000000100000000)
  region size 1024K, 14 young (14336K), 14 survivors (14336K)
 Metaspace       used 60242K, committed 60864K, reserved 393216K
  class space    used 8617K, committed 8896K, reserved 327680K
}
Event: 8.743 GC heap before
{Heap before GC invocations=11 (full 0):
 garbage-first heap   total 262144K, used 109500K [0x00000000e0000000, 0x0000000100000000)
  region size 1024K, 16 young (16384K), 14 survivors (14336K)
 Metaspace       used 60396K, committed 61056K, reserved 393216K
  class space    used 8629K, committed 8960K, reserved 327680K
}
Event: 8.756 GC heap after
{Heap after GC invocations=12 (full 0):
 garbage-first heap   total 262144K, used 109943K [0x00000000e0000000, 0x0000000100000000)
  region size 1024K, 2 young (2048K), 2 survivors (2048K)
 Metaspace       used 60396K, committed 61056K, reserved 393216K
  class space    used 8629K, committed 8960K, reserved 327680K
}
Event: 11.162 GC heap before
{Heap before GC invocations=13 (full 0):
 garbage-first heap   total 262144K, used 210295K [0x00000000e0000000, 0x0000000100000000)
  region size 1024K, 101 young (103424K), 2 survivors (2048K)
 Metaspace       used 71849K, committed 72512K, reserved 393216K
  class space    used 9911K, committed 10240K, reserved 327680K
}
Event: 11.171 GC heap after
{Heap after GC invocations=14 (full 0):
 garbage-first heap   total 262144K, used 117541K [0x00000000e0000000, 0x0000000100000000)
  region size 1024K, 9 young (9216K), 9 survivors (9216K)
 Metaspace       used 71849K, committed 72512K, reserved 393216K
  class space    used 9911K, committed 10240K, reserved 327680K
}
Event: 12.946 GC heap before
{Heap before GC invocations=14 (full 0):
 garbage-first heap   total 262144K, used 212773K [0x00000000e0000000, 0x0000000100000000)
  region size 1024K, 102 young (104448K), 9 survivors (9216K)
 Metaspace       used 72852K, committed 73600K, reserved 393216K
  class space    used 9933K, committed 10304K, reserved 327680K
}
Event: 12.961 GC heap after
{Heap after GC invocations=15 (full 0):
 garbage-first heap   total 262144K, used 122135K [0x00000000e0000000, 0x0000000100000000)
  region size 1024K, 7 young (7168K), 7 survivors (7168K)
 Metaspace       used 72852K, committed 73600K, reserved 393216K
  class space    used 9933K, committed 10304K, reserved 327680K
}
Event: 14.330 GC heap before
{Heap before GC invocations=15 (full 0):
 garbage-first heap   total 262144K, used 212247K [0x00000000e0000000, 0x0000000100000000)
  region size 1024K, 96 young (98304K), 7 survivors (7168K)
 Metaspace       used 76872K, committed 77568K, reserved 458752K
  class space    used 10515K, committed 10880K, reserved 327680K
}
Event: 14.338 GC heap after
{Heap after GC invocations=16 (full 0):
 garbage-first heap   total 262144K, used 124318K [0x00000000e0000000, 0x0000000100000000)
  region size 1024K, 9 young (9216K), 9 survivors (9216K)
 Metaspace       used 76872K, committed 77568K, reserved 458752K
  class space    used 10515K, committed 10880K, reserved 327680K
}
Event: 14.457 GC heap before
{Heap before GC invocations=16 (full 0):
 garbage-first heap   total 262144K, used 140702K [0x00000000e0000000, 0x0000000100000000)
  region size 1024K, 26 young (26624K), 9 survivors (9216K)
 Metaspace       used 77878K, committed 78656K, reserved 458752K
  class space    used 10641K, committed 11008K, reserved 327680K
}
Event: 14.463 GC heap after
{Heap after GC invocations=17 (full 0):
 garbage-first heap   total 262144K, used 126743K [0x00000000e0000000, 0x0000000100000000)
  region size 1024K, 7 young (7168K), 7 survivors (7168K)
 Metaspace       used 77878K, committed 78656K, reserved 458752K
  class space    used 10641K, committed 11008K, reserved 327680K
}

